<?xml version="1.0" encoding="UTF-8"?>
<!-- Generated by org.testng.reporters.JUnitReportReporter -->
<testsuite hostname="LAPTOP-9CFRMLT4" failures="0" tests="2" name="testscriptclass.LoginTest1" time="10.377" errors="0" timestamp="2025-02-06T20:29:21 IST" skipped="0">
  <testcase classname="testscriptclass.LoginTest1" name="verifyInvalidUsernameAndCorrectPassword" time="4.573"/>
  <testcase classname="testscriptclass.LoginTest1" name="verifyInvalidUsernameAndCorrectPassword" time="5.804"/>
</testsuite> <!-- testscriptclass.LoginTest1 -->
