<?xml version="1.0" encoding="UTF-8"?>
<!-- Generated by org.testng.reporters.JUnitReportReporter -->
<testsuite hostname="LAPTOP-9CFRMLT4" failures="0" tests="2" name="testscriptclass.LoginTest1" time="6.801" errors="0" timestamp="2025-02-04T19:53:45 IST" skipped="0">
  <testcase classname="testscriptclass.LoginTest1" name="verifyInvalidUsernameAndCorrectPassword" time="3.284"/>
  <testcase classname="testscriptclass.LoginTest1" name="verifyInvalidUsernameAndCorrectPassword" time="3.517"/>
</testsuite> <!-- testscriptclass.LoginTest1 -->
